c:\users\sam\source\repos\prio-engine\prio engine\x64\debug\vc140.pdb
c:\users\sam\source\repos\prio-engine\prio engine\x64\debug\vc140.idb
c:\users\sam\source\repos\prio-engine\prio engine\x64\debug\d3dapp.obj
c:\users\sam\source\repos\prio-engine\prio engine\x64\debug\d3dutil.obj
c:\users\sam\source\repos\prio-engine\prio engine\x64\debug\engine.obj
c:\users\sam\source\repos\prio-engine\prio engine\x64\debug\gametimer.obj
c:\users\sam\source\repos\prio-engine\prio engine\x64\debug\initdirect3dapp.obj
c:\users\sam\source\repos\prio-engine\prio engine\x64\debug\logger.obj
c:\users\sam\source\repos\prio-engine\prio engine\x64\debug\main.obj
c:\users\sam\source\repos\prio-engine\prio engine\x64\debug\graphics.obj
c:\users\sam\source\repos\prio-engine\prio engine\x64\debug\input.obj
c:\users\sam\source\repos\prio-engine\prio engine\x64\debug\system.obj
c:\users\sam\source\repos\prio-engine\prio engine\x64\debug\d3d11.obj
c:\users\sconnolly\source\repos\prio-engine\prio engine\x64\debug\vc140.pdb
c:\users\sconnolly\source\repos\prio-engine\prio engine\x64\debug\vc140.idb
c:\users\sconnolly\source\repos\prio-engine\prio engine\x64\debug\d3d11.obj
c:\users\sconnolly\source\repos\prio-engine\prio engine\x64\debug\gametimer.obj
c:\users\sconnolly\source\repos\prio-engine\prio engine\x64\debug\graphics.obj
c:\users\sconnolly\source\repos\prio-engine\prio engine\x64\debug\input.obj
c:\users\sconnolly\source\repos\prio-engine\prio engine\x64\debug\logger.obj
c:\users\sconnolly\source\repos\prio-engine\prio engine\x64\debug\main.obj
c:\users\sconnolly\source\repos\prio-engine\prio engine\x64\debug\engine.obj
c:\users\sam\source\repos\prio-engine\prio engine\bin\prio engine.ilk
c:\users\sam\source\repos\prio-engine\prio engine\bin\prio engine.exe
c:\users\sam\source\repos\prio-engine\prio engine\bin\prio engine.pdb
c:\users\sconnolly\source\repos\prio-engine\prio engine\x64\debug\d3dapp.obj
c:\users\sconnolly\source\repos\prio-engine\prio engine\x64\debug\d3dutil.obj
c:\users\sconnolly\source\repos\prio-engine\prio engine\x64\debug\initdirect3dapp.obj
c:\users\sconnolly\source\repos\prio-engine\prio engine\x64\debug\system.obj
c:\users\sconnolly\source\repos\prio-engine\prio engine\x64\debug\prio engine.tlog\cl.command.1.tlog
c:\users\sconnolly\source\repos\prio-engine\prio engine\x64\debug\prio engine.tlog\cl.read.1.tlog
c:\users\sconnolly\source\repos\prio-engine\prio engine\x64\debug\prio engine.tlog\cl.write.1.tlog
c:\users\sconnolly\source\repos\prio-engine\prio engine\x64\debug\prio engine.tlog\link.command.1.tlog
c:\users\sconnolly\source\repos\prio-engine\prio engine\x64\debug\prio engine.tlog\link.read.1.tlog
c:\users\sconnolly\source\repos\prio-engine\prio engine\x64\debug\prio engine.tlog\link.write.1.tlog
